<?xml version="1.0" encoding="utf-8"?><testsuites name="pytest tests"><testsuite name="pytest" errors="0" failures="0" skipped="0" tests="7" time="8.984" timestamp="2026-05-23T23:43:33.094943+00:00" hostname="agent-env-e0b470ae-5e62-4202-ab05-4e2c94961f1f"><testcase classname="backend.tests.test_iteration7_grade_predicates" name="test_default_grade_predicates_returned_when_global_override_missing" time="2.890" /><testcase classname="backend.tests.test_iteration7_grade_predicates" name="test_admin_can_put_and_get_grade_predicates_global_and_class" time="0.842" /><testcase classname="backend.tests.test_iteration7_grade_predicates" name="test_grade_predicate_put_validates_overlap_and_invalid_ranges" time="0.579" /><testcase classname="backend.tests.test_iteration7_grade_predicates" name="test_single_grading_stores_grade_predicate_automatically" time="0.937" /><testcase classname="backend.tests.test_iteration7_grade_predicates" name="test_bulk_grading_stores_and_returns_grade_predicate" time="1.057" /><testcase classname="backend.tests.test_iteration7_grade_predicates" name="test_list_submissions_enriches_missing_grade_predicate" time="1.062" /><testcase classname="backend.tests.test_iteration7_grade_predicates" name="test_export_excel_contains_predikat_column" time="0.423" /></testsuite></testsuites>